{"numFailedTestSuites":4,"numFailedTests":0,"numPassedTestSuites":14,"numPassedTests":95,"numPendingTestSuites":0,"numPendingTests":0,"numRuntimeErrorTestSuites":4,"numTodoTests":0,"numTotalTestSuites":18,"numTotalTests":95,"openHandles":[],"snapshot":{"added":0,"didUpdate":false,"failure":false,"filesAdded":0,"filesRemoved":0,"filesRemovedList":[],"filesUnmatched":0,"filesUpdated":0,"matched":0,"total":0,"unchecked":0,"uncheckedKeysByFile":[],"unmatched":0,"updated":0},"startTime":1769988572449,"success":false,"testResults":[{"assertionResults":[{"ancestorTitles":["DeleteConfirmDialog"],"failureMessages":[],"fullName":"DeleteConfirmDialog should not render when closed","location":null,"status":"passed","title":"should not render when closed"},{"ancestorTitles":["DeleteConfirmDialog"],"failureMessages":[],"fullName":"DeleteConfirmDialog should render when open","location":null,"status":"passed","title":"should render when open"},{"ancestorTitles":["DeleteConfirmDialog"],"failureMessages":[],"fullName":"DeleteConfirmDialog should display confirmation message","location":null,"status":"passed","title":"should display confirmation message"},{"ancestorTitles":["DeleteConfirmDialog"],"failureMessages":[],"fullName":"DeleteConfirmDialog should call onClose when cancel button is clicked","location":null,"status":"passed","title":"should call onClose when cancel button is clicked"},{"ancestorTitles":["DeleteConfirmDialog"],"failureMessages":[],"fullName":"DeleteConfirmDialog should call onConfirm when delete button is clicked","location":null,"status":"passed","title":"should call onConfirm when delete button is clicked"}],"endTime":1769988575725,"message":"","name":"/Users/antoniofalcone/Desktop/projects/stipendio/test/components/DeleteConfirmDialog.test.js","startTime":1769988573216,"status":"passed","summary":""},{"assertionResults":[{"ancestorTitles":["UserMenu"],"failureMessages":[],"fullName":"UserMenu should render menu icon button","location":null,"status":"passed","title":"should render menu icon button"},{"ancestorTitles":["UserMenu"],"failureMessages":[],"fullName":"UserMenu should open menu when button is clicked","location":null,"status":"passed","title":"should open menu when button is clicked"},{"ancestorTitles":["UserMenu"],"failureMessages":[],"fullName":"UserMenu should call logout when logout item is clicked","location":null,"status":"passed","title":"should call logout when logout item is clicked"},{"ancestorTitles":["UserMenu"],"failureMessages":[],"fullName":"UserMenu should handle missing display name or photo","location":null,"status":"passed","title":"should handle missing display name or photo"}],"endTime":1769988575794,"message":"","name":"/Users/antoniofalcone/Desktop/projects/stipendio/test/components/UserMenu.test.js","startTime":1769988573254,"status":"passed","summary":""},{"assertionResults":[{"ancestorTitles":["WorkHoursInput"],"failureMessages":[],"fullName":"WorkHoursInput should render date input and hours input","location":null,"status":"passed","title":"should render date input and hours input"},{"ancestorTitles":["WorkHoursInput"],"failureMessages":[],"fullName":"WorkHoursInput should display error message when error is provided","location":null,"status":"passed","title":"should display error message when error is provided"},{"ancestorTitles":["WorkHoursInput"],"failureMessages":[],"fullName":"WorkHoursInput should call onDateChange when date changes","location":null,"status":"passed","title":"should call onDateChange when date changes"},{"ancestorTitles":["WorkHoursInput"],"failureMessages":[],"fullName":"WorkHoursInput should call onHoursChange when hours input changes","location":null,"status":"passed","title":"should call onHoursChange when hours input changes"},{"ancestorTitles":["WorkHoursInput"],"failureMessages":[],"fullName":"WorkHoursInput should call onSave when save button is clicked","location":null,"status":"passed","title":"should call onSave when save button is clicked"},{"ancestorTitles":["WorkHoursInput"],"failureMessages":[],"fullName":"WorkHoursInput should display placeholder text","location":null,"status":"passed","title":"should display placeholder text"}],"endTime":1769988575849,"message":"","name":"/Users/antoniofalcone/Desktop/projects/stipendio/test/components/WorkHoursInput.test.js","startTime":1769988573210,"status":"passed","summary":""},{"assertionResults":[{"ancestorTitles":["EditHoursDialog"],"failureMessages":[],"fullName":"EditHoursDialog should not render when closed","location":null,"status":"passed","title":"should not render when closed"},{"ancestorTitles":["EditHoursDialog"],"failureMessages":[],"fullName":"EditHoursDialog should render when open","location":null,"status":"passed","title":"should render when open"},{"ancestorTitles":["EditHoursDialog"],"failureMessages":[],"fullName":"EditHoursDialog should display current editing hours","location":null,"status":"passed","title":"should display current editing hours"},{"ancestorTitles":["EditHoursDialog"],"failureMessages":[],"fullName":"EditHoursDialog should call onHoursChange when input changes","location":null,"status":"passed","title":"should call onHoursChange when input changes"},{"ancestorTitles":["EditHoursDialog"],"failureMessages":[],"fullName":"EditHoursDialog should display error message when error is provided","location":null,"status":"passed","title":"should display error message when error is provided"},{"ancestorTitles":["EditHoursDialog"],"failureMessages":[],"fullName":"EditHoursDialog should call onClose when cancel button is clicked","location":null,"status":"passed","title":"should call onClose when cancel button is clicked"},{"ancestorTitles":["EditHoursDialog"],"failureMessages":[],"fullName":"EditHoursDialog should call onSave when save button is clicked","location":null,"status":"passed","title":"should call onSave when save button is clicked"},{"ancestorTitles":["EditHoursDialog"],"failureMessages":[],"fullName":"EditHoursDialog should display placeholder text","location":null,"status":"passed","title":"should display placeholder text"}],"endTime":1769988576078,"message":"","name":"/Users/antoniofalcone/Desktop/projects/stipendio/test/components/EditHoursDialog.test.js","startTime":1769988573212,"status":"passed","summary":""},{"assertionResults":[{"ancestorTitles":["useWorkHoursForm"],"failureMessages":[],"fullName":"useWorkHoursForm should initialize with current date","location":null,"status":"passed","title":"should initialize with current date"},{"ancestorTitles":["useWorkHoursForm"],"failureMessages":[],"fullName":"useWorkHoursForm should initialize with empty oreOggi and error","location":null,"status":"passed","title":"should initialize with empty oreOggi and error"},{"ancestorTitles":["useWorkHoursForm"],"failureMessages":[],"fullName":"useWorkHoursForm should update selectedDate","location":null,"status":"passed","title":"should update selectedDate"},{"ancestorTitles":["useWorkHoursForm"],"failureMessages":[],"fullName":"useWorkHoursForm should update oreOggi","location":null,"status":"passed","title":"should update oreOggi"},{"ancestorTitles":["useWorkHoursForm"],"failureMessages":[],"fullName":"useWorkHoursForm should show error when oreOggi is empty","location":null,"status":"passed","title":"should show error when oreOggi is empty"},{"ancestorTitles":["useWorkHoursForm"],"failureMessages":[],"fullName":"useWorkHoursForm should show error when time format is invalid","location":null,"status":"passed","title":"should show error when time format is invalid"},{"ancestorTitles":["useWorkHoursForm"],"failureMessages":[],"fullName":"useWorkHoursForm should save hours when valid","location":null,"status":"passed","title":"should save hours when valid"},{"ancestorTitles":["useEditDialog"],"failureMessages":[],"fullName":"useEditDialog should initialize with null editingDate","location":null,"status":"passed","title":"should initialize with null editingDate"},{"ancestorTitles":["useEditDialog"],"failureMessages":[],"fullName":"useEditDialog should open edit dialog with correct values","location":null,"status":"passed","title":"should open edit dialog with correct values"},{"ancestorTitles":["useEditDialog"],"failureMessages":[],"fullName":"useEditDialog should update editingHours","location":null,"status":"passed","title":"should update editingHours"},{"ancestorTitles":["useEditDialog"],"failureMessages":[],"fullName":"useEditDialog should show error when editingHours is empty","location":null,"status":"passed","title":"should show error when editingHours is empty"},{"ancestorTitles":["useEditDialog"],"failureMessages":[],"fullName":"useEditDialog should show error when time format is invalid","location":null,"status":"passed","title":"should show error when time format is invalid"},{"ancestorTitles":["useEditDialog"],"failureMessages":[],"fullName":"useEditDialog should save edited hours when valid","location":null,"status":"passed","title":"should save edited hours when valid"},{"ancestorTitles":["useEditDialog"],"failureMessages":[],"fullName":"useEditDialog should close dialog and reset state","location":null,"status":"passed","title":"should close dialog and reset state"}],"endTime":1769988576655,"message":"","name":"/Users/antoniofalcone/Desktop/projects/stipendio/test/hooks/useWorkHoursForm.test.js","startTime":1769988575830,"status":"passed","summary":""},{"assertionResults":[{"ancestorTitles":["TotalSummary"],"failureMessages":[],"fullName":"TotalSummary should render totali heading","location":null,"status":"passed","title":"should render totali heading"},{"ancestorTitles":["TotalSummary"],"failureMessages":[],"fullName":"TotalSummary should display total hours correctly","location":null,"status":"passed","title":"should display total hours correctly"},{"ancestorTitles":["TotalSummary"],"failureMessages":[],"fullName":"TotalSummary should display expected salary correctly","location":null,"status":"passed","title":"should display expected salary correctly"},{"ancestorTitles":["TotalSummary"],"failureMessages":[],"fullName":"TotalSummary should format salary with 2 decimal places","location":null,"status":"passed","title":"should format salary with 2 decimal places"},{"ancestorTitles":["TotalSummary"],"failureMessages":[],"fullName":"TotalSummary should handle zero values","location":null,"status":"passed","title":"should handle zero values"},{"ancestorTitles":["TotalSummary"],"failureMessages":[],"fullName":"TotalSummary should handle large values","location":null,"status":"passed","title":"should handle large values"}],"endTime":1769988576677,"message":"","name":"/Users/antoniofalcone/Desktop/projects/stipendio/test/components/TotalSummary.test.js","startTime":1769988576154,"status":"passed","summary":""},{"assertionResults":[{"ancestorTitles":["HourlyRateInput"],"failureMessages":[],"fullName":"HourlyRateInput should render with correct label","location":null,"status":"passed","title":"should render with correct label"},{"ancestorTitles":["HourlyRateInput"],"failureMessages":[],"fullName":"HourlyRateInput should display the current pagaOraria value","location":null,"status":"passed","title":"should display the current pagaOraria value"},{"ancestorTitles":["HourlyRateInput"],"failureMessages":[],"fullName":"HourlyRateInput should call onPagaOrariaChange when value changes","location":null,"status":"passed","title":"should call onPagaOrariaChange when value changes"},{"ancestorTitles":["HourlyRateInput"],"failureMessages":[],"fullName":"HourlyRateInput should handle zero value","location":null,"status":"passed","title":"should handle zero value"}],"endTime":1769988576693,"message":"","name":"/Users/antoniofalcone/Desktop/projects/stipendio/test/components/HourlyRateInput.test.js","startTime":1769988575794,"status":"passed","summary":""},{"assertionResults":[{"ancestorTitles":["DeleteAllDialog"],"failureMessages":[],"fullName":"DeleteAllDialog should not render when closed","location":null,"status":"passed","title":"should not render when closed"},{"ancestorTitles":["DeleteAllDialog"],"failureMessages":[],"fullName":"DeleteAllDialog should render when open","location":null,"status":"passed","title":"should render when open"},{"ancestorTitles":["DeleteAllDialog"],"failureMessages":[],"fullName":"DeleteAllDialog should display confirmation message for deleting all","location":null,"status":"passed","title":"should display confirmation message for deleting all"},{"ancestorTitles":["DeleteAllDialog"],"failureMessages":[],"fullName":"DeleteAllDialog should call onClose when cancel button is clicked","location":null,"status":"passed","title":"should call onClose when cancel button is clicked"},{"ancestorTitles":["DeleteAllDialog"],"failureMessages":[],"fullName":"DeleteAllDialog should call onConfirm when delete all button is clicked","location":null,"status":"passed","title":"should call onConfirm when delete all button is clicked"}],"endTime":1769988576740,"message":"","name":"/Users/antoniofalcone/Desktop/projects/stipendio/test/components/DeleteAllDialog.test.js","startTime":1769988575888,"status":"passed","summary":""},{"assertionResults":[{"ancestorTitles":["validationUtils","isValidTimeFormat"],"failureMessages":[],"fullName":"validationUtils isValidTimeFormat should validate correct time formats","location":null,"status":"passed","title":"should validate correct time formats"},{"ancestorTitles":["validationUtils","isValidTimeFormat"],"failureMessages":[],"fullName":"validationUtils isValidTimeFormat should reject invalid time formats","location":null,"status":"passed","title":"should reject invalid time formats"},{"ancestorTitles":["validationUtils","isValidTimeFormat"],"failureMessages":[],"fullName":"validationUtils isValidTimeFormat should handle edge cases","location":null,"status":"passed","title":"should handle edge cases"},{"ancestorTitles":["validationUtils","isValidTimeFormat"],"failureMessages":[],"fullName":"validationUtils isValidTimeFormat should reject null and undefined","location":null,"status":"passed","title":"should reject null and undefined"}],"endTime":1769988576812,"message":"","name":"/Users/antoniofalcone/Desktop/projects/stipendio/test/utils/validationUtils.test.js","startTime":1769988576698,"status":"passed","summary":""},{"assertionResults":[{"ancestorTitles":["Firestore Operations","saveOreLavorateFS"],"failureMessages":[],"fullName":"Firestore Operations saveOreLavorateFS should save work hours to Firestore","location":null,"status":"passed","title":"should save work hours to Firestore"},{"ancestorTitles":["Firestore Operations","loadOreLavorateFS"],"failureMessages":[],"fullName":"Firestore Operations loadOreLavorateFS should load work hours from Firestore","location":null,"status":"passed","title":"should load work hours from Firestore"},{"ancestorTitles":["Firestore Operations","loadOreLavorateFS"],"failureMessages":[],"fullName":"Firestore Operations loadOreLavorateFS should return empty object if no data found","location":null,"status":"passed","title":"should return empty object if no data found"},{"ancestorTitles":["Firestore Operations","deleteOreLavorateFS"],"failureMessages":[],"fullName":"Firestore Operations deleteOreLavorateFS should delete work hours from Firestore","location":null,"status":"passed","title":"should delete work hours from Firestore"},{"ancestorTitles":["Firestore Operations","deleteAllOreLavorateFS"],"failureMessages":[],"fullName":"Firestore Operations deleteAllOreLavorateFS should delete all work hours for user","location":null,"status":"passed","title":"should delete all work hours for user"},{"ancestorTitles":["Firestore Operations","savePagaOrariaFS"],"failureMessages":[],"fullName":"Firestore Operations savePagaOrariaFS should save hourly rate to Firestore","location":null,"status":"passed","title":"should save hourly rate to Firestore"},{"ancestorTitles":["Firestore Operations","loadPagaOrariaFS"],"failureMessages":[],"fullName":"Firestore Operations loadPagaOrariaFS should load hourly rate from Firestore","location":null,"status":"passed","title":"should load hourly rate from Firestore"},{"ancestorTitles":["Firestore Operations","loadPagaOrariaFS"],"failureMessages":[],"fullName":"Firestore Operations loadPagaOrariaFS should return default value (10) if document does not exist","location":null,"status":"passed","title":"should return default value (10) if document does not exist"},{"ancestorTitles":["Firestore Operations","loadPagaOrariaFS"],"failureMessages":[],"fullName":"Firestore Operations loadPagaOrariaFS should return default value (10) if pagaOraria field is missing","location":null,"status":"passed","title":"should return default value (10) if pagaOraria field is missing"}],"endTime":1769988576816,"message":"","name":"/Users/antoniofalcone/Desktop/projects/stipendio/test/db/firestore.test.js","startTime":1769988576678,"status":"passed","summary":""},{"assertionResults":[{"ancestorTitles":["timeUtils","convertTimeToHours"],"failureMessages":[],"fullName":"timeUtils convertTimeToHours should convert time string to decimal hours correctly","location":null,"status":"passed","title":"should convert time string to decimal hours correctly"},{"ancestorTitles":["timeUtils","convertTimeToHours"],"failureMessages":[],"fullName":"timeUtils convertTimeToHours should return 0 for empty or null input","location":null,"status":"passed","title":"should return 0 for empty or null input"},{"ancestorTitles":["timeUtils","convertTimeToHours"],"failureMessages":[],"fullName":"timeUtils convertTimeToHours should handle edge cases","location":null,"status":"passed","title":"should handle edge cases"},{"ancestorTitles":["timeUtils","formatTimeFromHours"],"failureMessages":[],"fullName":"timeUtils formatTimeFromHours should format decimal hours to time string correctly","location":null,"status":"passed","title":"should format decimal hours to time string correctly"},{"ancestorTitles":["timeUtils","formatTimeFromHours"],"failureMessages":[],"fullName":"timeUtils formatTimeFromHours should handle zero hours","location":null,"status":"passed","title":"should handle zero hours"},{"ancestorTitles":["timeUtils","formatTimeFromHours"],"failureMessages":[],"fullName":"timeUtils formatTimeFromHours should pad hours and minutes with zeros","location":null,"status":"passed","title":"should pad hours and minutes with zeros"},{"ancestorTitles":["timeUtils","formatTimeFromHours"],"failureMessages":[],"fullName":"timeUtils formatTimeFromHours should round minutes correctly","location":null,"status":"passed","title":"should round minutes correctly"},{"ancestorTitles":["timeUtils","formatTimeFromHours"],"failureMessages":[],"fullName":"timeUtils formatTimeFromHours should handle large hours","location":null,"status":"passed","title":"should handle large hours"},{"ancestorTitles":["timeUtils","round-trip conversion"],"failureMessages":[],"fullName":"timeUtils round-trip conversion should convert and format back correctly","location":null,"status":"passed","title":"should convert and format back correctly"}],"endTime":1769988576842,"message":"","name":"/Users/antoniofalcone/Desktop/projects/stipendio/test/utils/timeUtils.test.js","startTime":1769988576719,"status":"passed","summary":""},{"assertionResults":[],"coverage":{},"endTime":1769988584326,"message":"  \u001b[1m● \u001b[22mTest suite failed to run\n\n    Cannot find module '../../src/db/database' from 'test/db/local-storage-manager.test.js'\n\n    \u001b[0m \u001b[90m 27 |\u001b[39m\n     \u001b[90m 28 |\u001b[39m \u001b[36mimport\u001b[39m \u001b[33mDexie\u001b[39m \u001b[36mfrom\u001b[39m \u001b[32m'dexie'\u001b[39m\u001b[33m;\u001b[39m\n    \u001b[31m\u001b[1m>\u001b[22m\u001b[39m\u001b[90m 29 |\u001b[39m \u001b[36mimport\u001b[39m {\n     \u001b[90m    |\u001b[39m \u001b[31m\u001b[1m^\u001b[22m\u001b[39m\n     \u001b[90m 30 |\u001b[39m   saveOreLavorate\u001b[33m,\u001b[39m\n     \u001b[90m 31 |\u001b[39m   loadOreLavorate\u001b[33m,\u001b[39m\n     \u001b[90m 32 |\u001b[39m   savePagaOraria\u001b[33m,\u001b[39m\u001b[0m\n\n      \u001b[2mat Resolver.resolveModule (\u001b[22mnode_modules/jest-resolve/build/resolver.js\u001b[2m:324:11)\u001b[22m\n      \u001b[2mat Object.<anonymous> (\u001b[22m\u001b[0m\u001b[36mtest/db/local-storage-manager.test.js\u001b[39m\u001b[0m\u001b[2m:29:1)\u001b[22m\n","name":"/Users/antoniofalcone/Desktop/projects/stipendio/test/db/local-storage-manager.test.js","startTime":1769988584326,"status":"failed","summary":""},{"assertionResults":[],"coverage":{},"endTime":1769988584326,"message":"  \u001b[1m● \u001b[22mTest suite failed to run\n\n    Cannot find module '../../src/db/database' from 'test/hooks/usePagaOraria.test.js'\n\n    \u001b[0m \u001b[90m  5 |\u001b[39m \u001b[36mimport\u001b[39m { useAuth } \u001b[36mfrom\u001b[39m \u001b[32m'../../src/contexts/AuthContext'\u001b[39m\u001b[33m;\u001b[39m\n     \u001b[90m  6 |\u001b[39m\n    \u001b[31m\u001b[1m>\u001b[22m\u001b[39m\u001b[90m  7 |\u001b[39m jest\u001b[33m.\u001b[39mmock(\u001b[32m'../../src/db/database'\u001b[39m)\u001b[33m;\u001b[39m\n     \u001b[90m    |\u001b[39m      \u001b[31m\u001b[1m^\u001b[22m\u001b[39m\n     \u001b[90m  8 |\u001b[39m jest\u001b[33m.\u001b[39mmock(\u001b[32m'../../src/db/firestore'\u001b[39m)\u001b[33m;\u001b[39m\n     \u001b[90m  9 |\u001b[39m jest\u001b[33m.\u001b[39mmock(\u001b[32m'../../src/contexts/AuthContext'\u001b[39m)\u001b[33m;\u001b[39m\n     \u001b[90m 10 |\u001b[39m jest\u001b[33m.\u001b[39mmock(\u001b[32m'../../src/config/firebase'\u001b[39m\u001b[33m,\u001b[39m () \u001b[33m=>\u001b[39m ({\u001b[0m\n\n      \u001b[2mat Resolver.resolveModule (\u001b[22mnode_modules/jest-resolve/build/resolver.js\u001b[2m:324:11)\u001b[22m\n      \u001b[2mat Object.<anonymous> (\u001b[22m\u001b[0m\u001b[36mtest/hooks/usePagaOraria.test.js\u001b[39m\u001b[0m\u001b[2m:7:6)\u001b[22m\n","name":"/Users/antoniofalcone/Desktop/projects/stipendio/test/hooks/usePagaOraria.test.js","startTime":1769988584326,"status":"failed","summary":""},{"assertionResults":[],"coverage":{},"endTime":1769988584326,"message":"  \u001b[1m● \u001b[22mTest suite failed to run\n\n    Cannot find module '../../src/db/database' from 'test/hooks/useOreLavorate.test.js'\n\n    \u001b[0m \u001b[90m 10 |\u001b[39m   googleProvider\u001b[33m:\u001b[39m {}\u001b[33m,\u001b[39m\n     \u001b[90m 11 |\u001b[39m }))\u001b[33m;\u001b[39m\n    \u001b[31m\u001b[1m>\u001b[22m\u001b[39m\u001b[90m 12 |\u001b[39m jest\u001b[33m.\u001b[39mmock(\u001b[32m'../../src/db/database'\u001b[39m)\u001b[33m;\u001b[39m\n     \u001b[90m    |\u001b[39m      \u001b[31m\u001b[1m^\u001b[22m\u001b[39m\n     \u001b[90m 13 |\u001b[39m jest\u001b[33m.\u001b[39mmock(\u001b[32m'../../src/db/firestore'\u001b[39m)\u001b[33m;\u001b[39m\n     \u001b[90m 14 |\u001b[39m jest\u001b[33m.\u001b[39mmock(\u001b[32m'../../src/contexts/AuthContext'\u001b[39m)\u001b[33m;\u001b[39m\n     \u001b[90m 15 |\u001b[39m\u001b[0m\n\n      \u001b[2mat Resolver.resolveModule (\u001b[22mnode_modules/jest-resolve/build/resolver.js\u001b[2m:324:11)\u001b[22m\n      \u001b[2mat Object.<anonymous> (\u001b[22m\u001b[0m\u001b[36mtest/hooks/useOreLavorate.test.js\u001b[39m\u001b[0m\u001b[2m:12:6)\u001b[22m\n","name":"/Users/antoniofalcone/Desktop/projects/stipendio/test/hooks/useOreLavorate.test.js","startTime":1769988584326,"status":"failed","summary":""},{"assertionResults":[],"coverage":{},"endTime":1769988584326,"message":"  \u001b[1m● \u001b[22mTest suite failed to run\n\n    Cannot find module '../../src/db/database' from 'test/components/CalcolatoreStipendio.test.js'\n\n    \u001b[0m \u001b[90m 18 |\u001b[39m }))\u001b[33m;\u001b[39m\n     \u001b[90m 19 |\u001b[39m\n    \u001b[31m\u001b[1m>\u001b[22m\u001b[39m\u001b[90m 20 |\u001b[39m jest\u001b[33m.\u001b[39mmock(\u001b[32m'../../src/db/database'\u001b[39m)\u001b[33m;\u001b[39m\n     \u001b[90m    |\u001b[39m      \u001b[31m\u001b[1m^\u001b[22m\u001b[39m\n     \u001b[90m 21 |\u001b[39m jest\u001b[33m.\u001b[39mmock(\u001b[32m'../../src/hooks/usePagaOraria'\u001b[39m\u001b[33m,\u001b[39m () \u001b[33m=>\u001b[39m ({\n     \u001b[90m 22 |\u001b[39m   usePagaOraria\u001b[33m:\u001b[39m jest\u001b[33m.\u001b[39mfn(() \u001b[33m=>\u001b[39m [\u001b[35m10\u001b[39m\u001b[33m,\u001b[39m jest\u001b[33m.\u001b[39mfn()])\u001b[33m,\u001b[39m\n     \u001b[90m 23 |\u001b[39m }))\u001b[33m;\u001b[39m\u001b[0m\n\n      \u001b[2mat Resolver.resolveModule (\u001b[22mnode_modules/jest-resolve/build/resolver.js\u001b[2m:324:11)\u001b[22m\n      \u001b[2mat Object.<anonymous> (\u001b[22m\u001b[0m\u001b[36mtest/components/CalcolatoreStipendio.test.js\u001b[39m\u001b[0m\u001b[2m:20:6)\u001b[22m\n","name":"/Users/antoniofalcone/Desktop/projects/stipendio/test/components/CalcolatoreStipendio.test.js","startTime":1769988584326,"status":"failed","summary":""},{"assertionResults":[{"ancestorTitles":[],"failureMessages":[],"fullName":"renders Calcolatore Stipendio app","location":null,"status":"passed","title":"renders Calcolatore Stipendio app"}],"endTime":1769988583472,"message":"","name":"/Users/antoniofalcone/Desktop/projects/stipendio/src/App.test.js","startTime":1769988573213,"status":"passed","summary":""},{"assertionResults":[{"ancestorTitles":["Login"],"failureMessages":[],"fullName":"Login should render login screen with title","location":null,"status":"passed","title":"should render login screen with title"},{"ancestorTitles":["Login"],"failureMessages":[],"fullName":"Login should render Google sign-in button","location":null,"status":"passed","title":"should render Google sign-in button"},{"ancestorTitles":["Login"],"failureMessages":[],"fullName":"Login should display terms of service text","location":null,"status":"passed","title":"should display terms of service text"},{"ancestorTitles":["Login"],"failureMessages":[],"fullName":"Login should call signInWithGoogle when button is clicked","location":null,"status":"passed","title":"should call signInWithGoogle when button is clicked"},{"ancestorTitles":["Login"],"failureMessages":[],"fullName":"Login should show loading state when signing in","location":null,"status":"passed","title":"should show loading state when signing in"},{"ancestorTitles":["Login"],"failureMessages":[],"fullName":"Login should display error message when sign-in fails","location":null,"status":"passed","title":"should display error message when sign-in fails"},{"ancestorTitles":["Login"],"failureMessages":[],"fullName":"Login should display default error message when error has no message","location":null,"status":"passed","title":"should display default error message when error has no message"},{"ancestorTitles":["Login"],"failureMessages":[],"fullName":"Login should clear previous error when attempting to sign in again","location":null,"status":"passed","title":"should clear previous error when attempting to sign in again"},{"ancestorTitles":["Login"],"failureMessages":[],"fullName":"Login should not show error alert initially","location":null,"status":"passed","title":"should not show error alert initially"},{"ancestorTitles":["Login"],"failureMessages":[],"fullName":"Login should show error alert when error occurs","location":null,"status":"passed","title":"should show error alert when error occurs"},{"ancestorTitles":["Login"],"failureMessages":[],"fullName":"Login should enable button after error occurs","location":null,"status":"passed","title":"should enable button after error occurs"},{"ancestorTitles":["Login"],"failureMessages":[],"fullName":"Login should show Google icon when not loading","location":null,"status":"passed","title":"should show Google icon when not loading"}],"endTime":1769988583736,"message":"","name":"/Users/antoniofalcone/Desktop/projects/stipendio/test/components/Login.test.js","startTime":1769988573230,"status":"passed","summary":""},{"assertionResults":[{"ancestorTitles":["SummaryTable"],"failureMessages":[],"fullName":"SummaryTable should render table with correct headers","location":null,"status":"passed","title":"should render table with correct headers"},{"ancestorTitles":["SummaryTable"],"failureMessages":[],"fullName":"SummaryTable should render all worked hours entries","location":null,"status":"passed","title":"should render all worked hours entries"},{"ancestorTitles":["SummaryTable"],"failureMessages":[],"fullName":"SummaryTable should display formatted hours for each entry","location":null,"status":"passed","title":"should display formatted hours for each entry"},{"ancestorTitles":["SummaryTable"],"failureMessages":[],"fullName":"SummaryTable should call onEdit when edit button is clicked","location":null,"status":"passed","title":"should call onEdit when edit button is clicked"},{"ancestorTitles":["SummaryTable"],"failureMessages":[],"fullName":"SummaryTable should call onDelete when delete button is clicked","location":null,"status":"passed","title":"should call onDelete when delete button is clicked"},{"ancestorTitles":["SummaryTable"],"failureMessages":[],"fullName":"SummaryTable should call onDeleteAll when delete all button is clicked","location":null,"status":"passed","title":"should call onDeleteAll when delete all button is clicked"},{"ancestorTitles":["SummaryTable"],"failureMessages":[],"fullName":"SummaryTable should render empty state when no entries","location":null,"status":"passed","title":"should render empty state when no entries"},{"ancestorTitles":["SummaryTable"],"failureMessages":[],"fullName":"SummaryTable should sort entries by date","location":null,"status":"passed","title":"should sort entries by date"}],"endTime":1769988584209,"message":"","name":"/Users/antoniofalcone/Desktop/projects/stipendio/test/components/SummaryTable.test.js","startTime":1769988573213,"status":"passed","summary":""}],"wasInterrupted":false}